#
# There is insufficient memory for the Java Runtime Environment to continue.
# Native memory allocation (malloc) failed to allocate 1019376 bytes for Chunk::new
# Possible reasons:
#   The system is out of physical RAM or swap space
#   The process is running with CompressedOops enabled, and the Java Heap may be blocking the growth of the native heap
# Possible solutions:
#   Reduce memory load on the system
#   Increase physical memory or swap space
#   Check if swap backing store is full
#   Decrease Java heap size (-Xmx/-Xms)
#   Decrease number of Java threads
#   Decrease Java thread stack sizes (-Xss)
#   Set larger code cache with -XX:ReservedCodeCacheSize=
#   JVM is running with Zero Based Compressed Oops mode in which the Java heap is
#     placed in the first 32GB address space. The Java Heap base address is the
#     maximum limit for the native heap growth. Please use -XX:HeapBaseMinAddress
#     to set the Java Heap base and to place the Java Heap above 32GB virtual address.
# This output file may be truncated or incomplete.
#
#  Out of Memory Error (arena.cpp:191), pid=8488, tid=9460
#
# JRE version: OpenJDK Runtime Environment Corretto-17.0.9.8.1 (17.0.9+8) (build 17.0.9+8-LTS)
# Java VM: OpenJDK 64-Bit Server VM Corretto-17.0.9.8.1 (17.0.9+8-LTS, mixed mode, sharing, tiered, compressed oops, compressed class ptrs, g1 gc, windows-amd64)
# No core dump will be written. Minidumps are not enabled by default on client versions of Windows
#

---------------  S U M M A R Y ------------

Command Line: -javaagent:D:\Programming\IntelliJ IDEA Community Edition 2023.2\lib\idea_rt.jar=55271:D:\Programming\IntelliJ IDEA Community Edition 2023.2\bin -Dfile.encoding=UTF-8 learning.trainingPlan.TrainingPlanApplication

Host: 12th Gen Intel(R) Core(TM) i7-12700H, 20 cores, 15G,  Windows 11 , 64 bit Build 22621 (10.0.22621.3958)
Time: Mon Nov 11 10:29:30 2024  Windows 11 , 64 bit Build 22621 (10.0.22621.3958) elapsed time: 39290.162296 seconds (0d 10h 54m 50s)

---------------  T H R E A D  ---------------

Current thread (0x000001a9453666e0):  JavaThread "C2 CompilerThread0" daemon [_thread_in_native, id=9460, stack(0x0000004394b00000,0x0000004394c00000)]


Current CompileTask:
C2:39290163 7982 % !   4       java.util.concurrent.ThreadPoolExecutor::runWorker @ 21 (187 bytes)

Stack: [0x0000004394b00000,0x0000004394c00000]
Native frames: (J=compiled Java code, j=interpreted, Vv=VM code, C=native code)
V  [jvm.dll+0x67cb49]
V  [jvm.dll+0x8344da]
V  [jvm.dll+0x835f9e]
V  [jvm.dll+0x836603]
V  [jvm.dll+0x247b5f]
V  [jvm.dll+0xac43c]
V  [jvm.dll+0xaca8c]
V  [jvm.dll+0x366c32]
V  [jvm.dll+0x330fda]
V  [jvm.dll+0x33047a]
V  [jvm.dll+0x21a201]
V  [jvm.dll+0x219621]
V  [jvm.dll+0x1a56cd]
V  [jvm.dll+0x2293ee]
V  [jvm.dll+0x2275bc]
V  [jvm.dll+0x7e95a7]
V  [jvm.dll+0x7e396a]
V  [jvm.dll+0x67ba35]
C  [ucrtbase.dll+0x29333]
C  [KERNEL32.DLL+0x1257d]
C  [ntdll.dll+0x5af08]


---------------  P R O C E S S  ---------------

Threads class SMR info:
_java_thread_list=0x000001a9954c9e60, length=30, elements={
0x000001a945344e20, 0x000001a945345bb0, 0x000001a945361db0, 0x000001a945362880,
0x000001a945365160, 0x000001a945365a30, 0x000001a9453666e0, 0x000001a9453690b0,
0x000001a94536b9d0, 0x000001a987157d60, 0x000001a987447b40, 0x000001a98787f770,
0x000001a98c5ea470, 0x000001a98c5e7bf0, 0x000001a98c5e8b20, 0x000001a98c5e9030,
0x000001a993176c50, 0x000001a993174df0, 0x000001a993176740, 0x000001a993175810,
0x000001a9931748e0, 0x000001a993172f90, 0x000001a993171130, 0x000001a993172570,
0x000001a993172a80, 0x000001a993175d20, 0x000001a9931734a0, 0x000001a9931743d0,
0x000001a993176230, 0x000001a993178090
}

Java Threads: ( => current thread )
  0x000001a945344e20 JavaThread "Reference Handler" daemon [_thread_blocked, id=5576, stack(0x0000004394500000,0x0000004394600000)]
  0x000001a945345bb0 JavaThread "Finalizer" daemon [_thread_blocked, id=30168, stack(0x0000004394600000,0x0000004394700000)]
  0x000001a945361db0 JavaThread "Signal Dispatcher" daemon [_thread_blocked, id=25188, stack(0x0000004394700000,0x0000004394800000)]
  0x000001a945362880 JavaThread "Attach Listener" daemon [_thread_blocked, id=24932, stack(0x0000004394800000,0x0000004394900000)]
  0x000001a945365160 JavaThread "Service Thread" daemon [_thread_blocked, id=16696, stack(0x0000004394900000,0x0000004394a00000)]
  0x000001a945365a30 JavaThread "Monitor Deflation Thread" daemon [_thread_blocked, id=3796, stack(0x0000004394a00000,0x0000004394b00000)]
=>0x000001a9453666e0 JavaThread "C2 CompilerThread0" daemon [_thread_in_native, id=9460, stack(0x0000004394b00000,0x0000004394c00000)]
  0x000001a9453690b0 JavaThread "C1 CompilerThread0" daemon [_thread_blocked, id=1200, stack(0x0000004394c00000,0x0000004394d00000)]
  0x000001a94536b9d0 JavaThread "Sweeper thread" daemon [_thread_blocked, id=3984, stack(0x0000004394d00000,0x0000004394e00000)]
  0x000001a987157d60 JavaThread "Common-Cleaner" daemon [_thread_blocked, id=17332, stack(0x0000004394e00000,0x0000004394f00000)]
  0x000001a987447b40 JavaThread "Monitor Ctrl-Break" daemon [_thread_in_native, id=28156, stack(0x0000004395300000,0x0000004395400000)]
  0x000001a98787f770 JavaThread "Notification Thread" daemon [_thread_blocked, id=23388, stack(0x0000004395400000,0x0000004395500000)]
  0x000001a98c5ea470 JavaThread "HikariPool-1 housekeeper" daemon [_thread_blocked, id=30588, stack(0x0000004396e00000,0x0000004396f00000)]
  0x000001a98c5e7bf0 JavaThread "Catalina-utility-1" [_thread_blocked, id=18780, stack(0x0000004397000000,0x0000004397100000)]
  0x000001a98c5e8b20 JavaThread "Catalina-utility-2" [_thread_blocked, id=29408, stack(0x0000004397100000,0x0000004397200000)]
  0x000001a98c5e9030 JavaThread "container-0" [_thread_blocked, id=8204, stack(0x0000004397200000,0x0000004397300000)]
  0x000001a993176c50 JavaThread "spring.cloud.inetutils" daemon [_thread_blocked, id=19932, stack(0x0000004396200000,0x0000004396300000)]
  0x000001a993174df0 JavaThread "http-nio-8080-exec-1" daemon [_thread_blocked, id=22384, stack(0x0000004394f00000,0x0000004395000000)]
  0x000001a993176740 JavaThread "http-nio-8080-exec-2" daemon [_thread_blocked, id=27720, stack(0x0000004395000000,0x0000004395100000)]
  0x000001a993175810 JavaThread "http-nio-8080-exec-3" daemon [_thread_blocked, id=1428, stack(0x0000004395100000,0x0000004395200000)]
  0x000001a9931748e0 JavaThread "http-nio-8080-exec-4" daemon [_thread_blocked, id=11516, stack(0x0000004396100000,0x0000004396200000)]
  0x000001a993172f90 JavaThread "http-nio-8080-exec-5" daemon [_thread_blocked, id=17684, stack(0x0000004396b00000,0x0000004396c00000)]
  0x000001a993171130 JavaThread "http-nio-8080-exec-6" daemon [_thread_blocked, id=2044, stack(0x0000004396f00000,0x0000004397000000)]
  0x000001a993172570 JavaThread "http-nio-8080-exec-7" daemon [_thread_blocked, id=20084, stack(0x0000004397300000,0x0000004397400000)]
  0x000001a993172a80 JavaThread "http-nio-8080-exec-8" daemon [_thread_blocked, id=28460, stack(0x0000004397400000,0x0000004397500000)]
  0x000001a993175d20 JavaThread "http-nio-8080-exec-9" daemon [_thread_blocked, id=14244, stack(0x0000004397500000,0x0000004397600000)]
  0x000001a9931734a0 JavaThread "http-nio-8080-exec-10" daemon [_thread_blocked, id=29804, stack(0x0000004397600000,0x0000004397700000)]
  0x000001a9931743d0 JavaThread "http-nio-8080-Poller" daemon [_thread_in_native, id=4644, stack(0x0000004397700000,0x0000004397800000)]
  0x000001a993176230 JavaThread "http-nio-8080-Acceptor" daemon [_thread_in_native, id=14480, stack(0x0000004397800000,0x0000004397900000)]
  0x000001a993178090 JavaThread "DestroyJavaVM" [_thread_blocked, id=13356, stack(0x0000004393e00000,0x0000004393f00000)]

Other Threads:
  0x000001a94533e3f0 VMThread "VM Thread" [stack: 0x0000004394400000,0x0000004394500000] [id=11128]
  0x000001a98788b7e0 WatcherThread [stack: 0x0000004395500000,0x0000004395600000] [id=21808]
  0x000001a921fa2710 GCTaskThread "GC Thread#0" [stack: 0x0000004393f00000,0x0000004394000000] [id=9656]
  0x000001a98ca76910 GCTaskThread "GC Thread#1" [stack: 0x0000004395800000,0x0000004395900000] [id=28624]
  0x000001a98c8e3690 GCTaskThread "GC Thread#2" [stack: 0x0000004395900000,0x0000004395a00000] [id=23848]
  0x000001a987b137c0 GCTaskThread "GC Thread#3" [stack: 0x0000004395a00000,0x0000004395b00000] [id=7684]
  0x000001a98cf78720 GCTaskThread "GC Thread#4" [stack: 0x0000004395b00000,0x0000004395c00000] [id=30116]
  0x000001a98c5572d0 GCTaskThread "GC Thread#5" [stack: 0x0000004395c00000,0x0000004395d00000] [id=10296]
  0x000001a98ce84ea0 GCTaskThread "GC Thread#6" [stack: 0x0000004395600000,0x0000004395700000] [id=24256]
  0x000001a98c5e0770 GCTaskThread "GC Thread#7" [stack: 0x0000004395700000,0x0000004395800000] [id=25168]
  0x000001a98cbdfa10 GCTaskThread "GC Thread#8" [stack: 0x0000004395d00000,0x0000004395e00000] [id=30192]
  0x000001a98c4dded0 GCTaskThread "GC Thread#9" [stack: 0x0000004395e00000,0x0000004395f00000] [id=30496]
  0x000001a98cb3dfb0 GCTaskThread "GC Thread#10" [stack: 0x0000004396300000,0x0000004396400000] [id=25712]
  0x000001a98cde7060 GCTaskThread "GC Thread#11" [stack: 0x0000004396400000,0x0000004396500000] [id=12220]
  0x000001a98cdc69f0 GCTaskThread "GC Thread#12" [stack: 0x0000004396500000,0x0000004396600000] [id=8520]
  0x000001a98d7900a0 GCTaskThread "GC Thread#13" [stack: 0x0000004396600000,0x0000004396700000] [id=17452]
  0x000001a98c925830 GCTaskThread "GC Thread#14" [stack: 0x0000004396700000,0x0000004396800000] [id=22508]
  0x000001a921fb3130 ConcurrentGCThread "G1 Main Marker" [stack: 0x0000004394000000,0x0000004394100000] [id=23760]
  0x000001a921fb3a60 ConcurrentGCThread "G1 Conc#0" [stack: 0x0000004394100000,0x0000004394200000] [id=28852]
  0x000001a98e38d960 ConcurrentGCThread "G1 Conc#1" [stack: 0x0000004396800000,0x0000004396900000] [id=15508]
  0x000001a98e38d6a0 ConcurrentGCThread "G1 Conc#2" [stack: 0x0000004396900000,0x0000004396a00000] [id=23172]
  0x000001a98e38bde0 ConcurrentGCThread "G1 Conc#3" [stack: 0x0000004396a00000,0x0000004396b00000] [id=7116]
  0x000001a94527d940 ConcurrentGCThread "G1 Refine#0" [stack: 0x0000004394200000,0x0000004394300000] [id=21664]
  0x000001a94527dc30 ConcurrentGCThread "G1 Service" [stack: 0x0000004394300000,0x0000004394400000] [id=5480]

Threads with active compile tasks:
C2 CompilerThread0  39290257 7982 % !   4       java.util.concurrent.ThreadPoolExecutor::runWorker @ 21 (187 bytes)

VM state: not at safepoint (normal execution)

VM Mutex/Monitor currently owned by a thread: None

Heap address: 0x0000000704400000, size: 4028 MB, Compressed Oops mode: Zero based, Oop shift amount: 3

CDS archive(s) mapped at: [0x000001a946000000-0x000001a946ba0000-0x000001a946ba0000), size 12189696, SharedBaseAddress: 0x000001a946000000, ArchiveRelocationMode: 1.
Compressed class space mapped at: 0x000001a947000000-0x000001a987000000, reserved size: 1073741824
Narrow klass base: 0x000001a946000000, Narrow klass shift: 0, Narrow klass range: 0x100000000

GC Precious Log:
 CPUs: 20 total, 20 available
 Memory: 16110M
 Large Page Support: Disabled
 NUMA Support: Disabled
 Compressed Oops: Enabled (Zero based)
 Heap Region Size: 2M
 Heap Min Capacity: 8M
 Heap Initial Capacity: 252M
 Heap Max Capacity: 4028M
 Pre-touch: Disabled
 Parallel Workers: 15
 Concurrent Workers: 4
 Concurrent Refinement Workers: 15
 Periodic GC: Disabled

Heap:
 garbage-first heap   total 133120K, used 80066K [0x0000000704400000, 0x0000000800000000)
  region size 2048K, 10 young (20480K), 3 survivors (6144K)
 Metaspace       used 74425K, committed 75008K, reserved 1114112K
  class space    used 9996K, committed 10304K, reserved 1048576K

Heap Regions: E=young(eden), S=young(survivor), O=old, HS=humongous(starts), HC=humongous(continues), CS=collection set, F=free, OA=open archive, CA=closed archive, TAMS=top-at-mark-start (previous, next)
|   0|0x0000000704400000, 0x0000000704600000, 0x0000000704600000|100%| O|  |TAMS 0x0000000704600000, 0x0000000704400000| Untracked 
|   1|0x0000000704600000, 0x0000000704800000, 0x0000000704800000|100%| O|  |TAMS 0x0000000704800000, 0x0000000704600000| Untracked 
|   2|0x0000000704800000, 0x0000000704a00000, 0x0000000704a00000|100%| O|  |TAMS 0x0000000704a00000, 0x0000000704800000| Untracked 
|   3|0x0000000704a00000, 0x0000000704c00000, 0x0000000704c00000|100%| O|  |TAMS 0x0000000704c00000, 0x0000000704a00000| Untracked 
|   4|0x0000000704c00000, 0x0000000704e00000, 0x0000000704e00000|100%| O|  |TAMS 0x0000000704e00000, 0x0000000704c00000| Untracked 
|   5|0x0000000704e00000, 0x0000000705000000, 0x0000000705000000|100%| O|  |TAMS 0x0000000705000000, 0x0000000704e00000| Untracked 
|   6|0x0000000705000000, 0x0000000705200000, 0x0000000705200000|100%| O|  |TAMS 0x0000000705200000, 0x0000000705000000| Untracked 
|   7|0x0000000705200000, 0x0000000705400000, 0x0000000705400000|100%| O|  |TAMS 0x0000000705400000, 0x0000000705200000| Untracked 
|   8|0x0000000705400000, 0x0000000705600000, 0x0000000705600000|100%| O|  |TAMS 0x0000000705600000, 0x0000000705400000| Untracked 
|   9|0x0000000705600000, 0x0000000705800000, 0x0000000705800000|100%| O|  |TAMS 0x0000000705800000, 0x0000000705600000| Untracked 
|  10|0x0000000705800000, 0x0000000705a00000, 0x0000000705a00000|100%| O|  |TAMS 0x0000000705a00000, 0x0000000705800000| Untracked 
|  11|0x0000000705a00000, 0x0000000705c00000, 0x0000000705c00000|100%| O|  |TAMS 0x0000000705c00000, 0x0000000705a00000| Untracked 
|  12|0x0000000705c00000, 0x0000000705e00000, 0x0000000705e00000|100%| O|  |TAMS 0x0000000705c00000, 0x0000000705c00000| Untracked 
|  13|0x0000000705e00000, 0x0000000706000000, 0x0000000706000000|100%| O|  |TAMS 0x0000000705e00000, 0x0000000705e00000| Untracked 
|  14|0x0000000706000000, 0x0000000706200000, 0x0000000706200000|100%| O|  |TAMS 0x0000000706000000, 0x0000000706000000| Untracked 
|  15|0x0000000706200000, 0x0000000706400000, 0x0000000706400000|100%| O|  |TAMS 0x0000000706200000, 0x0000000706200000| Untracked 
|  16|0x0000000706400000, 0x0000000706600000, 0x0000000706600000|100%| O|  |TAMS 0x0000000706400000, 0x0000000706400000| Untracked 
|  17|0x0000000706600000, 0x0000000706800000, 0x0000000706800000|100%| O|  |TAMS 0x0000000706600000, 0x0000000706600000| Untracked 
|  18|0x0000000706800000, 0x0000000706a00000, 0x0000000706a00000|100%| O|  |TAMS 0x0000000706800000, 0x0000000706800000| Untracked 
|  19|0x0000000706a00000, 0x0000000706c00000, 0x0000000706c00000|100%| O|  |TAMS 0x0000000706a00000, 0x0000000706a00000| Untracked 
|  20|0x0000000706c00000, 0x0000000706e00000, 0x0000000706e00000|100%| O|  |TAMS 0x0000000706c00000, 0x0000000706c00000| Untracked 
|  21|0x0000000706e00000, 0x0000000707000000, 0x0000000707000000|100%| O|  |TAMS 0x0000000706e00000, 0x0000000706e00000| Untracked 
|  22|0x0000000707000000, 0x0000000707200000, 0x0000000707200000|100%| O|  |TAMS 0x0000000707000000, 0x0000000707000000| Untracked 
|  23|0x0000000707200000, 0x0000000707400000, 0x0000000707400000|100%| O|  |TAMS 0x0000000707200000, 0x0000000707200000| Untracked 
|  24|0x0000000707400000, 0x0000000707600000, 0x0000000707600000|100%| O|  |TAMS 0x0000000707400000, 0x0000000707400000| Untracked 
|  25|0x0000000707600000, 0x0000000707800000, 0x0000000707800000|100%| O|  |TAMS 0x0000000707600000, 0x0000000707600000| Untracked 
|  26|0x0000000707800000, 0x0000000707a00000, 0x0000000707a00000|100%| O|  |TAMS 0x0000000707800000, 0x0000000707800000| Untracked 
|  27|0x0000000707a00000, 0x0000000707c00000, 0x0000000707c00000|100%| O|  |TAMS 0x0000000707a00000, 0x0000000707a00000| Untracked 
|  28|0x0000000707c00000, 0x0000000707e00000, 0x0000000707e00000|100%| O|  |TAMS 0x0000000707c00000, 0x0000000707c00000| Untracked 
|  29|0x0000000707e00000, 0x0000000708000000, 0x0000000708000000|100%| O|  |TAMS 0x0000000707e00000, 0x0000000707e00000| Untracked 
|  30|0x0000000708000000, 0x0000000708200000, 0x0000000708200000|100%| O|  |TAMS 0x0000000708000000, 0x0000000708000000| Untracked 
|  31|0x0000000708200000, 0x0000000708230800, 0x0000000708400000|  9%| O|  |TAMS 0x0000000708200000, 0x0000000708200000| Untracked 
|  32|0x0000000708400000, 0x0000000708400000, 0x0000000708600000|  0%| F|  |TAMS 0x0000000708400000, 0x0000000708400000| Untracked 
|  33|0x0000000708600000, 0x0000000708600000, 0x0000000708800000|  0%| F|  |TAMS 0x0000000708600000, 0x0000000708600000| Untracked 
|  34|0x0000000708800000, 0x0000000708800000, 0x0000000708a00000|  0%| F|  |TAMS 0x0000000708800000, 0x0000000708800000| Untracked 
|  35|0x0000000708a00000, 0x0000000708a00000, 0x0000000708c00000|  0%| F|  |TAMS 0x0000000708a00000, 0x0000000708a00000| Untracked 
|  36|0x0000000708c00000, 0x0000000708c00000, 0x0000000708e00000|  0%| F|  |TAMS 0x0000000708c00000, 0x0000000708c00000| Untracked 
|  37|0x0000000708e00000, 0x0000000708e00000, 0x0000000709000000|  0%| F|  |TAMS 0x0000000708e00000, 0x0000000708e00000| Untracked 
|  38|0x0000000709000000, 0x0000000709000000, 0x0000000709200000|  0%| F|  |TAMS 0x0000000709000000, 0x0000000709000000| Untracked 
|  39|0x0000000709200000, 0x0000000709200000, 0x0000000709400000|  0%| F|  |TAMS 0x0000000709200000, 0x0000000709200000| Untracked 
|  40|0x0000000709400000, 0x0000000709400000, 0x0000000709600000|  0%| F|  |TAMS 0x0000000709400000, 0x0000000709400000| Untracked 
|  41|0x0000000709600000, 0x0000000709600000, 0x0000000709800000|  0%| F|  |TAMS 0x0000000709600000, 0x0000000709600000| Untracked 
|  42|0x0000000709800000, 0x0000000709800000, 0x0000000709a00000|  0%| F|  |TAMS 0x0000000709800000, 0x0000000709800000| Untracked 
|  43|0x0000000709a00000, 0x0000000709c00000, 0x0000000709c00000|100%| S|CS|TAMS 0x0000000709a00000, 0x0000000709a00000| Complete 
|  44|0x0000000709c00000, 0x0000000709e00000, 0x0000000709e00000|100%| S|CS|TAMS 0x0000000709c00000, 0x0000000709c00000| Complete 
|  45|0x0000000709e00000, 0x000000070a000000, 0x000000070a000000|100%| S|CS|TAMS 0x0000000709e00000, 0x0000000709e00000| Complete 
|  46|0x000000070a000000, 0x000000070a000000, 0x000000070a200000|  0%| F|  |TAMS 0x000000070a000000, 0x000000070a000000| Untracked 
|  47|0x000000070a200000, 0x000000070a200000, 0x000000070a400000|  0%| F|  |TAMS 0x000000070a200000, 0x000000070a200000| Untracked 
|  48|0x000000070a400000, 0x000000070a400000, 0x000000070a600000|  0%| F|  |TAMS 0x000000070a400000, 0x000000070a400000| Untracked 
|  49|0x000000070a600000, 0x000000070a600000, 0x000000070a800000|  0%| F|  |TAMS 0x000000070a600000, 0x000000070a600000| Untracked 
|  50|0x000000070a800000, 0x000000070a800000, 0x000000070aa00000|  0%| F|  |TAMS 0x000000070a800000, 0x000000070a800000| Untracked 
|  51|0x000000070aa00000, 0x000000070aa00000, 0x000000070ac00000|  0%| F|  |TAMS 0x000000070aa00000, 0x000000070aa00000| Untracked 
|  52|0x000000070ac00000, 0x000000070ac00000, 0x000000070ae00000|  0%| F|  |TAMS 0x000000070ac00000, 0x000000070ac00000| Untracked 
|  53|0x000000070ae00000, 0x000000070ae00000, 0x000000070b000000|  0%| F|  |TAMS 0x000000070ae00000, 0x000000070ae00000| Untracked 
|  54|0x000000070b000000, 0x000000070b000000, 0x000000070b200000|  0%| F|  |TAMS 0x000000070b000000, 0x000000070b000000| Untracked 
|  55|0x000000070b200000, 0x000000070b200000, 0x000000070b400000|  0%| F|  |TAMS 0x000000070b200000, 0x000000070b200000| Untracked 
|  56|0x000000070b400000, 0x000000070b400000, 0x000000070b600000|  0%| F|  |TAMS 0x000000070b400000, 0x000000070b400000| Untracked 
|  57|0x000000070b600000, 0x000000070b600000, 0x000000070b800000|  0%| F|  |TAMS 0x000000070b600000, 0x000000070b600000| Untracked 
|  58|0x000000070b800000, 0x000000070b98dea8, 0x000000070ba00000| 77%| E|  |TAMS 0x000000070b800000, 0x000000070b800000| Complete 
|  59|0x000000070ba00000, 0x000000070bc00000, 0x000000070bc00000|100%| E|  |TAMS 0x000000070ba00000, 0x000000070ba00000| Complete 
|  60|0x000000070bc00000, 0x000000070be00000, 0x000000070be00000|100%| E|CS|TAMS 0x000000070bc00000, 0x000000070bc00000| Complete 
|  61|0x000000070be00000, 0x000000070c000000, 0x000000070c000000|100%| E|CS|TAMS 0x000000070be00000, 0x000000070be00000| Complete 
| 113|0x0000000712600000, 0x0000000712800000, 0x0000000712800000|100%| E|CS|TAMS 0x0000000712600000, 0x0000000712600000| Complete 
| 114|0x0000000712800000, 0x0000000712a00000, 0x0000000712a00000|100%| E|CS|TAMS 0x0000000712800000, 0x0000000712800000| Complete 
| 125|0x0000000713e00000, 0x0000000714000000, 0x0000000714000000|100%| E|CS|TAMS 0x0000000713e00000, 0x0000000713e00000| Complete 

Card table byte_map: [0x000001a939ca0000,0x000001a93a480000] _byte_map_base: 0x000001a93647e000

Marking Bits (Prev, Next): (CMBitMap*) 0x000001a921fa2c80, (CMBitMap*) 0x000001a921fa2c40
 Prev Bits: [0x000001a93eb50000, 0x000001a942a40000)
 Next Bits: [0x000001a93ac60000, 0x000001a93eb50000)

Polling page: 0x000001a91fdc0000

Metaspace:

Usage:
  Non-class:     62.92 MB used.
      Class:      9.76 MB used.
       Both:     72.68 MB used.

Virtual space:
  Non-class space:       64.00 MB reserved,      63.19 MB ( 99%) committed,  1 nodes.
      Class space:        1.00 GB reserved,      10.06 MB ( <1%) committed,  1 nodes.
             Both:        1.06 GB reserved,      73.25 MB (  7%) committed. 

Chunk freelists:
   Non-Class:  389.00 KB
       Class:  5.94 MB
        Both:  6.32 MB

MaxMetaspaceSize: unlimited
CompressedClassSpaceSize: 1.00 GB
Initial GC threshold: 21.00 MB
Current GC threshold: 98.12 MB
CDS: on
MetaspaceReclaimPolicy: balanced
 - commit_granule_bytes: 65536.
 - commit_granule_words: 8192.
 - virtual_space_node_default_size: 8388608.
 - enlarge_chunks_in_place: 1.
 - new_chunks_are_fully_committed: 0.
 - uncommit_free_chunks: 1.
 - use_allocation_guard: 0.
 - handle_deallocations: 1.


Internal statistics:

num_allocs_failed_limit: 9.
num_arena_births: 784.
num_arena_deaths: 0.
num_vsnodes_births: 2.
num_vsnodes_deaths: 0.
num_space_committed: 1172.
num_space_uncommitted: 0.
num_chunks_returned_to_freelist: 9.
num_chunks_taken_from_freelist: 3486.
num_chunk_merges: 9.
num_chunk_splits: 2569.
num_chunks_enlarged: 2046.
num_inconsistent_stats: 0.

CodeHeap 'non-profiled nmethods': size=119168Kb used=6435Kb max_used=6435Kb free=112732Kb
 bounds [0x000001a9315c0000, 0x000001a931c10000, 0x000001a938a20000]
CodeHeap 'profiled nmethods': size=119104Kb used=14642Kb max_used=14642Kb free=104461Kb
 bounds [0x000001a929a20000, 0x000001a92a870000, 0x000001a930e70000]
CodeHeap 'non-nmethods': size=7488Kb used=1344Kb max_used=3136Kb free=6143Kb
 bounds [0x000001a930e70000, 0x000001a931190000, 0x000001a9315c0000]
 total_blobs=7418 nmethods=6737 adapters=593
 compilation: enabled
              stopped_count=0, restarted_count=0
 full_count=0

Compilation events (20 events):
Event: 38890.760 Thread 0x000001a9453690b0 nmethod 7971 0x000001a92a869290 code [0x000001a92a869440, 0x000001a92a869738]
Event: 38890.761 Thread 0x000001a9453690b0 7973       3       sun.util.locale.provider.LocaleProviderAdapter::getAdapter (177 bytes)
Event: 38890.776 Thread 0x000001a9453690b0 nmethod 7973 0x000001a92a869890 code [0x000001a92a869be0, 0x000001a92a86b248]
Event: 38890.776 Thread 0x000001a9453690b0 7974       3       org.postgresql.shaded.com.ongres.scram.common.ScramAttributeValue::<init> (15 bytes)
Event: 38890.776 Thread 0x000001a9453690b0 nmethod 7974 0x000001a92a86b890 code [0x000001a92a86ba40, 0x000001a92a86bcb8]
Event: 38890.786 Thread 0x000001a9453690b0 7975       1       java.util.Calendar::getFirstDayOfWeek (5 bytes)
Event: 38890.786 Thread 0x000001a9453690b0 nmethod 7975 0x000001a931c06110 code [0x000001a931c062a0, 0x000001a931c06378]
Event: 38890.786 Thread 0x000001a9453690b0 7976       1       java.util.Calendar::getMinimalDaysInFirstWeek (5 bytes)
Event: 38890.786 Thread 0x000001a9453690b0 nmethod 7976 0x000001a931c06410 code [0x000001a931c065a0, 0x000001a931c06678]
Event: 38890.786 Thread 0x000001a9453666e0 7977       4       java.util.Properties::getProperty (50 bytes)
Event: 38890.805 Thread 0x000001a9453666e0 nmethod 7977 0x000001a931c06710 code [0x000001a931c06940, 0x000001a931c07920]
Event: 38918.008 Thread 0x000001a9453690b0 7978   !   3       java.util.concurrent.ThreadPoolExecutor::getTask (177 bytes)
Event: 38918.010 Thread 0x000001a9453690b0 nmethod 7978 0x000001a92a86bd90 code [0x000001a92a86c020, 0x000001a92a86cf18]
Event: 38942.018 Thread 0x000001a9453666e0 7979       4       org.apache.coyote.AbstractProtocol$$Lambda$1596/0x000001a9479df160::run (8 bytes)
Event: 38942.026 Thread 0x000001a9453666e0 nmethod 7979 0x000001a931c08190 code [0x000001a931c08320, 0x000001a931c08618]
Event: 38978.008 Thread 0x000001a9453690b0 7980       3       java.util.concurrent.ScheduledThreadPoolExecutor$ScheduledFutureTask::run (57 bytes)
Event: 38978.010 Thread 0x000001a9453690b0 nmethod 7980 0x000001a92a86d390 code [0x000001a92a86d5a0, 0x000001a92a86d9f8]
Event: 39179.076 Thread 0x000001a9453666e0 7981       4       java.util.Collections$UnmodifiableCollection::iterator (9 bytes)
Event: 39179.087 Thread 0x000001a9453666e0 nmethod 7981 0x000001a931c08990 code [0x000001a931c08b20, 0x000001a931c08cf8]
Event: 39290.019 Thread 0x000001a9453666e0 7982 % !   4       java.util.concurrent.ThreadPoolExecutor::runWorker @ 21 (187 bytes)

GC Heap History (20 events):
Event: 13.915 GC heap before
{Heap before GC invocations=15 (full 0):
 garbage-first heap   total 61440K, used 47326K [0x0000000704400000, 0x0000000800000000)
  region size 2048K, 12 young (24576K), 2 survivors (4096K)
 Metaspace       used 59265K, committed 59840K, reserved 1114112K
  class space    used 7976K, committed 8256K, reserved 1048576K
}
Event: 13.923 GC heap after
{Heap after GC invocations=16 (full 0):
 garbage-first heap   total 159744K, used 27698K [0x0000000704400000, 0x0000000800000000)
  region size 2048K, 2 young (4096K), 2 survivors (4096K)
 Metaspace       used 59265K, committed 59840K, reserved 1114112K
  class space    used 7976K, committed 8256K, reserved 1048576K
}
Event: 13.974 GC heap before
{Heap before GC invocations=16 (full 0):
 garbage-first heap   total 159744K, used 29746K [0x0000000704400000, 0x0000000800000000)
  region size 2048K, 4 young (8192K), 2 survivors (4096K)
 Metaspace       used 59623K, committed 60160K, reserved 1114112K
  class space    used 8028K, committed 8320K, reserved 1048576K
}
Event: 13.979 GC heap after
{Heap after GC invocations=17 (full 0):
 garbage-first heap   total 159744K, used 27933K [0x0000000704400000, 0x0000000800000000)
  region size 2048K, 2 young (4096K), 2 survivors (4096K)
 Metaspace       used 59623K, committed 60160K, reserved 1114112K
  class space    used 8028K, committed 8320K, reserved 1048576K
}
Event: 18.767 GC heap before
{Heap before GC invocations=18 (full 0):
 garbage-first heap   total 110592K, used 89373K [0x0000000704400000, 0x0000000800000000)
  region size 2048K, 32 young (65536K), 2 survivors (4096K)
 Metaspace       used 67087K, committed 67648K, reserved 1114112K
  class space    used 9136K, committed 9408K, reserved 1048576K
}
Event: 18.779 GC heap after
{Heap after GC invocations=19 (full 0):
 garbage-first heap   total 110592K, used 32131K [0x0000000704400000, 0x0000000800000000)
  region size 2048K, 4 young (8192K), 4 survivors (8192K)
 Metaspace       used 67087K, committed 67648K, reserved 1114112K
  class space    used 9136K, committed 9408K, reserved 1048576K
}
Event: 19.109 GC heap before
{Heap before GC invocations=19 (full 0):
 garbage-first heap   total 110592K, used 34179K [0x0000000704400000, 0x0000000800000000)
  region size 2048K, 5 young (10240K), 4 survivors (8192K)
 Metaspace       used 67444K, committed 68032K, reserved 1114112K
  class space    used 9183K, committed 9472K, reserved 1048576K
}
Event: 19.121 GC heap after
{Heap after GC invocations=20 (full 0):
 garbage-first heap   total 110592K, used 32764K [0x0000000704400000, 0x0000000800000000)
  region size 2048K, 1 young (2048K), 1 survivors (2048K)
 Metaspace       used 67444K, committed 68032K, reserved 1114112K
  class space    used 9183K, committed 9472K, reserved 1048576K
}
Event: 20.948 GC heap before
{Heap before GC invocations=20 (full 0):
 garbage-first heap   total 110592K, used 83964K [0x0000000704400000, 0x0000000800000000)
  region size 2048K, 27 young (55296K), 1 survivors (2048K)
 Metaspace       used 69360K, committed 69824K, reserved 1114112K
  class space    used 9383K, committed 9600K, reserved 1048576K
}
Event: 20.957 GC heap after
{Heap after GC invocations=21 (full 0):
 garbage-first heap   total 110592K, used 44732K [0x0000000704400000, 0x0000000800000000)
  region size 2048K, 4 young (8192K), 4 survivors (8192K)
 Metaspace       used 69360K, committed 69824K, reserved 1114112K
  class space    used 9383K, committed 9600K, reserved 1048576K
}
Event: 21.406 GC heap before
{Heap before GC invocations=21 (full 0):
 garbage-first heap   total 110592K, used 81596K [0x0000000704400000, 0x0000000800000000)
  region size 2048K, 23 young (47104K), 4 survivors (8192K)
 Metaspace       used 69542K, committed 70080K, reserved 1114112K
  class space    used 9396K, committed 9664K, reserved 1048576K
}
Event: 21.414 GC heap after
{Heap after GC invocations=22 (full 0):
 garbage-first heap   total 110592K, used 44591K [0x0000000704400000, 0x0000000800000000)
  region size 2048K, 3 young (6144K), 3 survivors (6144K)
 Metaspace       used 69542K, committed 70080K, reserved 1114112K
  class space    used 9396K, committed 9664K, reserved 1048576K
}
Event: 21.734 GC heap before
{Heap before GC invocations=22 (full 0):
 garbage-first heap   total 110592K, used 81455K [0x0000000704400000, 0x0000000800000000)
  region size 2048K, 22 young (45056K), 3 survivors (6144K)
 Metaspace       used 69639K, committed 70208K, reserved 1114112K
  class space    used 9396K, committed 9664K, reserved 1048576K
}
Event: 21.738 GC heap after
{Heap after GC invocations=23 (full 0):
 garbage-first heap   total 110592K, used 40926K [0x0000000704400000, 0x0000000800000000)
  region size 2048K, 1 young (2048K), 1 survivors (2048K)
 Metaspace       used 69639K, committed 70208K, reserved 1114112K
  class space    used 9396K, committed 9664K, reserved 1048576K
}
Event: 21.907 GC heap before
{Heap before GC invocations=23 (full 0):
 garbage-first heap   total 110592K, used 79838K [0x0000000704400000, 0x0000000800000000)
  region size 2048K, 21 young (43008K), 1 survivors (2048K)
 Metaspace       used 69691K, committed 70272K, reserved 1114112K
  class space    used 9396K, committed 9664K, reserved 1048576K
}
Event: 21.914 GC heap after
{Heap after GC invocations=24 (full 0):
 garbage-first heap   total 133120K, used 48336K [0x0000000704400000, 0x0000000800000000)
  region size 2048K, 3 young (6144K), 3 survivors (6144K)
 Metaspace       used 69691K, committed 70272K, reserved 1114112K
  class space    used 9396K, committed 9664K, reserved 1048576K
}
Event: 22.201 GC heap before
{Heap before GC invocations=24 (full 0):
 garbage-first heap   total 133120K, used 95440K [0x0000000704400000, 0x0000000800000000)
  region size 2048K, 27 young (55296K), 3 survivors (6144K)
 Metaspace       used 69741K, committed 70272K, reserved 1114112K
  class space    used 9398K, committed 9664K, reserved 1048576K
}
Event: 22.217 GC heap after
{Heap after GC invocations=25 (full 0):
 garbage-first heap   total 133120K, used 60675K [0x0000000704400000, 0x0000000800000000)
  region size 2048K, 4 young (8192K), 4 survivors (8192K)
 Metaspace       used 69741K, committed 70272K, reserved 1114112K
  class space    used 9398K, committed 9664K, reserved 1048576K
}
Event: 25.875 GC heap before
{Heap before GC invocations=25 (full 0):
 garbage-first heap   total 133120K, used 97539K [0x0000000704400000, 0x0000000800000000)
  region size 2048K, 23 young (47104K), 4 survivors (8192K)
 Metaspace       used 72312K, committed 72832K, reserved 1114112K
  class space    used 9750K, committed 9984K, reserved 1048576K
}
Event: 25.887 GC heap after
{Heap after GC invocations=26 (full 0):
 garbage-first heap   total 133120K, used 69826K [0x0000000704400000, 0x0000000800000000)
  region size 2048K, 3 young (6144K), 3 survivors (6144K)
 Metaspace       used 72312K, committed 72832K, reserved 1114112K
  class space    used 9750K, committed 9984K, reserved 1048576K
}

Dll operation events (13 events):
Event: 0.018 Loaded shared library C:\Users\niecn\.jdks\corretto-17.0.9\bin\java.dll
Event: 0.048 Loaded shared library C:\Users\niecn\.jdks\corretto-17.0.9\bin\jsvml.dll
Event: 0.193 Loaded shared library C:\Users\niecn\.jdks\corretto-17.0.9\bin\zip.dll
Event: 0.202 Loaded shared library C:\Users\niecn\.jdks\corretto-17.0.9\bin\instrument.dll
Event: 0.212 Loaded shared library C:\Users\niecn\.jdks\corretto-17.0.9\bin\net.dll
Event: 0.214 Loaded shared library C:\Users\niecn\.jdks\corretto-17.0.9\bin\nio.dll
Event: 0.216 Loaded shared library C:\Users\niecn\.jdks\corretto-17.0.9\bin\zip.dll
Event: 0.373 Loaded shared library D:\Programming\IntelliJ IDEA Community Edition 2023.2\bin\breakgen64.dll
Event: 0.437 Loaded shared library C:\Users\niecn\.jdks\corretto-17.0.9\bin\jimage.dll
Event: 2.685 Loaded shared library C:\Users\niecn\.jdks\corretto-17.0.9\bin\sunmscapi.dll
Event: 7.475 Loaded shared library C:\Users\niecn\.jdks\corretto-17.0.9\bin\management.dll
Event: 7.478 Loaded shared library C:\Users\niecn\.jdks\corretto-17.0.9\bin\management_ext.dll
Event: 12.184 Loaded shared library C:\Users\niecn\.jdks\corretto-17.0.9\bin\verify.dll

Deoptimization events (20 events):
Event: 38889.972 Thread 0x000001a993177160 Uncommon trap: trap_request=0xffffff45 fr.pc=0x000001a931bf1168 relative=0x0000000000003f48
Event: 38889.972 Thread 0x000001a993177160 Uncommon trap: reason=unstable_if action=reinterpret pc=0x000001a931bf1168 method=java.util.concurrent.ThreadPoolExecutor.getTask()Ljava/lang/Runnable; @ 54 c2
Event: 38889.972 Thread 0x000001a993177160 DEOPT PACKING pc=0x000001a931bf1168 sp=0x00000043952ff3b0
Event: 38889.972 Thread 0x000001a993177160 DEOPT UNPACKING pc=0x000001a930ec69a3 sp=0x00000043952ff3a0 mode 2
Event: 38890.027 Thread 0x000001a993171640 Uncommon trap: trap_request=0xffffffde fr.pc=0x000001a931a20e3c relative=0x000000000000009c
Event: 38890.027 Thread 0x000001a993171640 Uncommon trap: reason=class_check action=maybe_recompile pc=0x000001a931a20e3c method=java.util.Collections$2.tryAdvance(Ljava/util/function/Consumer;)Z @ 29 c2
Event: 38890.027 Thread 0x000001a993171640 DEOPT PACKING pc=0x000001a931a20e3c sp=0x0000004395ffe6f0
Event: 38890.028 Thread 0x000001a993171640 DEOPT UNPACKING pc=0x000001a930ec69a3 sp=0x0000004395ffe620 mode 2
Event: 38890.157 Thread 0x000001a993171640 Uncommon trap: trap_request=0xffffffde fr.pc=0x000001a931a20e3c relative=0x000000000000009c
Event: 38890.157 Thread 0x000001a993171640 Uncommon trap: reason=class_check action=maybe_recompile pc=0x000001a931a20e3c method=java.util.Collections$2.tryAdvance(Ljava/util/function/Consumer;)Z @ 29 c2
Event: 38890.157 Thread 0x000001a993171640 DEOPT PACKING pc=0x000001a931a20e3c sp=0x0000004395ffe6f0
Event: 38890.157 Thread 0x000001a993171640 DEOPT UNPACKING pc=0x000001a930ec69a3 sp=0x0000004395ffe620 mode 2
Event: 38890.249 Thread 0x000001a993171640 Uncommon trap: trap_request=0xffffffde fr.pc=0x000001a931a20e3c relative=0x000000000000009c
Event: 38890.249 Thread 0x000001a993171640 Uncommon trap: reason=class_check action=maybe_recompile pc=0x000001a931a20e3c method=java.util.Collections$2.tryAdvance(Ljava/util/function/Consumer;)Z @ 29 c2
Event: 38890.249 Thread 0x000001a993171640 DEOPT PACKING pc=0x000001a931a20e3c sp=0x0000004395ffe6f0
Event: 38890.249 Thread 0x000001a993171640 DEOPT UNPACKING pc=0x000001a930ec69a3 sp=0x0000004395ffe620 mode 2
Event: 38890.295 Thread 0x000001a993171640 Uncommon trap: trap_request=0xffffffde fr.pc=0x000001a931a21240 relative=0x00000000000000a0
Event: 38890.295 Thread 0x000001a993171640 Uncommon trap: reason=class_check action=maybe_recompile pc=0x000001a931a21240 method=java.util.Collections$2.tryAdvance(Ljava/util/function/Consumer;)Z @ 29 c2
Event: 38890.295 Thread 0x000001a993171640 DEOPT PACKING pc=0x000001a931a21240 sp=0x0000004395ffe660
Event: 38890.295 Thread 0x000001a993171640 DEOPT UNPACKING pc=0x000001a930ec69a3 sp=0x0000004395ffe608 mode 2

Classes unloaded (0 events):
No events

Classes redefined (0 events):
No events

Internal exceptions (20 events):
Event: 22.039 Thread 0x000001a993175810 Exception <a 'sun/nio/fs/WindowsException'{0x000000070b867610}> (0x000000070b867610) 
thrown [s\src\hotspot\share\prims\jni.cpp, line 516]
Event: 22.039 Thread 0x000001a993175810 Exception <a 'sun/nio/fs/WindowsException'{0x000000070b867900}> (0x000000070b867900) 
thrown [s\src\hotspot\share\prims\jni.cpp, line 516]
Event: 22.754 Thread 0x000001a921f335f0 Exception <a 'java/lang/NoSuchMethodError'{0x000000070b176bd0}: 'void java.lang.invoke.DirectMethodHandle$Holder.invokeVirtual(java.lang.Object, java.lang.Object, long)'> (0x000000070b176bd0) 
thrown [s\src\hotspot\share\interpreter\linkResolver.cpp, line 759]
Event: 23.407 Thread 0x000001a921f335f0 Exception <a 'java/lang/NoSuchMethodError'{0x000000070ad5ee78}: 'int java.lang.invoke.DirectMethodHandle$Holder.invokeStaticInit(java.lang.Object, java.lang.Object, java.lang.Object, java.lang.Object)'> (0x000000070ad5ee78) 
thrown [s\src\hotspot\share\interpreter\linkResolver.cpp, line 759]
Event: 23.421 Thread 0x000001a921f335f0 Implicit null exception at 0x000001a931806dd7 to 0x000001a9318073f4
Event: 24.473 Thread 0x000001a921f335f0 Exception <a 'java/lang/IncompatibleClassChangeError'{0x000000070a64d488}: Found class java.lang.Object, but interface was expected> (0x000000070a64d488) 
thrown [s\src\hotspot\share\interpreter\linkResolver.cpp, line 826]
Event: 24.550 Thread 0x000001a921f335f0 Implicit null exception at 0x000001a93176625a to 0x000001a9317664a0
Event: 25.917 Thread 0x000001a921f335f0 Exception <a 'java/lang/NoSuchMethodError'{0x0000000713ed7b58}: 'java.lang.Object java.lang.invoke.DirectMethodHandle$Holder.invokeSpecial(java.lang.Object, java.lang.Object, int, java.lang.Object, int, java.lang.Object)'> (0x0000000713ed7b58) 
thrown [s\src\hotspot\share\interpreter\linkResolver.cpp, line 759]
Event: 25.931 Thread 0x000001a921f335f0 Exception <a 'java/lang/NoSuchMethodError'{0x0000000713edf5f0}: 'java.lang.Object java.lang.invoke.DirectMethodHandle$Holder.newInvokeSpecial(java.lang.Object, java.lang.Object, int, java.lang.Object, int)'> (0x0000000713edf5f0) 
thrown [s\src\hotspot\share\interpreter\linkResolver.cpp, line 759]
Event: 25.935 Thread 0x000001a921f335f0 Exception <a 'java/lang/NoSuchMethodError'{0x0000000713ee36a8}: 'java.lang.Object java.lang.invoke.DirectMethodHandle$Holder.invokeSpecial(java.lang.Object, java.lang.Object, java.lang.Object, int, java.lang.Object, int)'> (0x0000000713ee36a8) 
thrown [s\src\hotspot\share\interpreter\linkResolver.cpp, line 759]
Event: 25.992 Thread 0x000001a921f335f0 Implicit null exception at 0x000001a9318cee32 to 0x000001a9318cf6c4
Event: 26.145 Thread 0x000001a993174df0 Exception <a 'java/lang/NoSuchMethodError'{0x0000000712997578}: 'java.lang.Object java.lang.invoke.DirectMethodHandle$Holder.invokeSpecial(java.lang.Object, java.lang.Object, java.lang.Object, java.lang.Object, java.lang.Object, long)'> (0x0000000712997578) 
thrown [s\src\hotspot\share\interpreter\linkResolver.cpp, line 759]
Event: 26.151 Thread 0x000001a993174df0 Exception <a 'java/lang/NoSuchMethodError'{0x000000071299b1b0}: 'java.lang.Object java.lang.invoke.Invokers$Holder.linkToTargetMethod(java.lang.Object, java.lang.Object, java.lang.Object, long, java.lang.Object)'> (0x000000071299b1b0) 
thrown [s\src\hotspot\share\interpreter\linkResolver.cpp, line 759]
Event: 26.296 Thread 0x000001a993174df0 Exception <a 'java/lang/NoSuchMethodError'{0x000000071275aac8}: 'java.lang.Object java.lang.invoke.DirectMethodHandle$Holder.invokeStatic(java.lang.Object, int, int)'> (0x000000071275aac8) 
thrown [s\src\hotspot\share\interpreter\linkResolver.cpp, line 759]
Event: 26.412 Thread 0x000001a993174df0 Implicit null exception at 0x000001a931a3d49e to 0x000001a931a3e904
Event: 38880.019 Thread 0x000001a98c5e8b20 Implicit null exception at 0x000001a931bde09b to 0x000001a931bde334
Event: 38881.015 Thread 0x000001a98c5e8b20 Implicit null exception at 0x000001a931bde09b to 0x000001a931bde334
Event: 38882.019 Thread 0x000001a98c5e8b20 Implicit null exception at 0x000001a931bde09b to 0x000001a931bde334
Event: 38883.015 Thread 0x000001a98c5e8b20 Implicit null exception at 0x000001a931bde09b to 0x000001a931bde334
Event: 38884.009 Thread 0x000001a98c5e8b20 Implicit null exception at 0x000001a931bde998 to 0x000001a931bdec28

VM Operations (20 events):
Event: 1120.776 Executing VM operation: Cleanup
Event: 1120.776 Executing VM operation: Cleanup done
Event: 38879.694 Executing VM operation: Cleanup
Event: 38879.710 Executing VM operation: Cleanup done
Event: 38884.760 Executing VM operation: Cleanup
Event: 38884.760 Executing VM operation: Cleanup done
Event: 38885.760 Executing VM operation: Cleanup
Event: 38885.760 Executing VM operation: Cleanup done
Event: 38889.787 Executing VM operation: Cleanup
Event: 38889.788 Executing VM operation: Cleanup done
Event: 38890.801 Executing VM operation: Cleanup
Event: 38890.802 Executing VM operation: Cleanup done
Event: 38891.810 Executing VM operation: Cleanup
Event: 38891.810 Executing VM operation: Cleanup done
Event: 38899.874 Executing VM operation: Cleanup
Event: 38899.874 Executing VM operation: Cleanup done
Event: 38939.131 Executing VM operation: HandshakeAllThreads
Event: 38939.133 Executing VM operation: HandshakeAllThreads done
Event: 39180.674 Executing VM operation: Cleanup
Event: 39180.676 Executing VM operation: Cleanup done

Events (20 events):
Event: 26.574 Thread 0x000001a993178090 Thread added: 0x000001a993178090
Event: 31.593 Thread 0x000001a98f5116f0 Thread exited: 0x000001a98f5116f0
Event: 36.586 Thread 0x000001a98f514c10 Thread exited: 0x000001a98f514c10
Event: 38879.629 Thread 0x000001a98f5136d0 Thread added: 0x000001a98f5136d0
Event: 38879.631 Thread 0x000001a98f5116f0 Thread added: 0x000001a98f5116f0
Event: 38879.632 Thread 0x000001a98f514c10 Thread added: 0x000001a98f514c10
Event: 38879.634 Thread 0x000001a98f5126e0 Thread added: 0x000001a98f5126e0
Event: 38879.635 Thread 0x000001a98f511c40 Thread added: 0x000001a98f511c40
Event: 38879.636 Thread 0x000001a98c82a3c0 Thread added: 0x000001a98c82a3c0
Event: 38884.883 Thread 0x000001a98c82a3c0 Thread exited: 0x000001a98c82a3c0
Event: 38889.894 Thread 0x000001a98f511c40 Thread exited: 0x000001a98f511c40
Event: 38889.894 Thread 0x000001a98f5126e0 Thread exited: 0x000001a98f5126e0
Event: 38889.923 Thread 0x000001a993177160 Thread added: 0x000001a993177160
Event: 38889.923 Thread 0x000001a993171640 Thread added: 0x000001a993171640
Event: 38889.939 Thread 0x000001a98c5e8100 Thread exited: 0x000001a98c5e8100
Event: 38890.068 Thread 0x000001a98f514c10 Thread exited: 0x000001a98f514c10
Event: 38890.070 Thread 0x000001a98f5116f0 Thread exited: 0x000001a98f5116f0
Event: 38890.072 Thread 0x000001a98f5136d0 Thread exited: 0x000001a98f5136d0
Event: 38894.988 Thread 0x000001a993177160 Thread exited: 0x000001a993177160
Event: 38895.810 Thread 0x000001a993171640 Thread exited: 0x000001a993171640


Dynamic libraries:
0x00007ff6c07b0000 - 0x00007ff6c07be000 	C:\Users\niecn\.jdks\corretto-17.0.9\bin\java.exe
0x00007ffa52fd0000 - 0x00007ffa531e7000 	C:\WINDOWS\SYSTEM32\ntdll.dll
0x00007ffa522e0000 - 0x00007ffa523a4000 	C:\WINDOWS\System32\KERNEL32.DLL
0x00007ffa502e0000 - 0x00007ffa50697000 	C:\WINDOWS\System32\KERNELBASE.dll
0x00007ffa50b70000 - 0x00007ffa50c81000 	C:\WINDOWS\System32\ucrtbase.dll
0x00007ffa48e20000 - 0x00007ffa48e37000 	C:\Users\niecn\.jdks\corretto-17.0.9\bin\jli.dll
0x00007ffa50d50000 - 0x00007ffa50eff000 	C:\WINDOWS\System32\USER32.dll
0x00007ffa50880000 - 0x00007ffa508a6000 	C:\WINDOWS\System32\win32u.dll
0x00007ffa51700000 - 0x00007ffa51729000 	C:\WINDOWS\System32\GDI32.dll
0x00007ffa3f190000 - 0x00007ffa3f1ab000 	C:\Users\niecn\.jdks\corretto-17.0.9\bin\VCRUNTIME140.dll
0x00007ffa506a0000 - 0x00007ffa507b8000 	C:\WINDOWS\System32\gdi32full.dll
0x00007ffa50aa0000 - 0x00007ffa50b3a000 	C:\WINDOWS\System32\msvcp_win.dll
0x00007ffa40cd0000 - 0x00007ffa40f63000 	C:\WINDOWS\WinSxS\amd64_microsoft.windows.common-controls_6595b64144ccf1df_6.0.22621.3672_none_2713b9d173822955\COMCTL32.dll
0x00007ffa51290000 - 0x00007ffa51337000 	C:\WINDOWS\System32\msvcrt.dll
0x00007ffa50d10000 - 0x00007ffa50d41000 	C:\WINDOWS\System32\IMM32.DLL
0x00007ffa48ec0000 - 0x00007ffa48ecc000 	C:\Users\niecn\.jdks\corretto-17.0.9\bin\vcruntime140_1.dll
0x00007ffa01840000 - 0x00007ffa018cd000 	C:\Users\niecn\.jdks\corretto-17.0.9\bin\msvcp140.dll
0x00007ff9cb160000 - 0x00007ff9cbdc1000 	C:\Users\niecn\.jdks\corretto-17.0.9\bin\server\jvm.dll
0x00007ffa51fc0000 - 0x00007ffa52072000 	C:\WINDOWS\System32\ADVAPI32.dll
0x00007ffa52430000 - 0x00007ffa524d8000 	C:\WINDOWS\System32\sechost.dll
0x00007ffa50b40000 - 0x00007ffa50b68000 	C:\WINDOWS\System32\bcrypt.dll
0x00007ffa515e0000 - 0x00007ffa516f4000 	C:\WINDOWS\System32\RPCRT4.dll
0x00007ffa22fb0000 - 0x00007ffa22fb9000 	C:\WINDOWS\SYSTEM32\WSOCK32.dll
0x00007ffa501b0000 - 0x00007ffa501fd000 	C:\WINDOWS\SYSTEM32\POWRPROF.dll
0x00007ffa523b0000 - 0x00007ffa52421000 	C:\WINDOWS\System32\WS2_32.dll
0x00007ffa486f0000 - 0x00007ffa48724000 	C:\WINDOWS\SYSTEM32\WINMM.dll
0x00007ffa43940000 - 0x00007ffa4394a000 	C:\WINDOWS\SYSTEM32\VERSION.dll
0x00007ffa50190000 - 0x00007ffa501a3000 	C:\WINDOWS\SYSTEM32\UMPDC.dll
0x00007ffa4f2f0000 - 0x00007ffa4f308000 	C:\WINDOWS\SYSTEM32\kernel.appcore.dll
0x00007ffa48e80000 - 0x00007ffa48e8a000 	C:\Users\niecn\.jdks\corretto-17.0.9\bin\jimage.dll
0x00007ffa4dbc0000 - 0x00007ffa4ddf2000 	C:\WINDOWS\SYSTEM32\DBGHELP.DLL
0x00007ffa50f00000 - 0x00007ffa5128e000 	C:\WINDOWS\System32\combase.dll
0x00007ffa51440000 - 0x00007ffa51517000 	C:\WINDOWS\System32\OLEAUT32.dll
0x00007ffa434e0000 - 0x00007ffa43512000 	C:\WINDOWS\SYSTEM32\dbgcore.DLL
0x00007ffa50a20000 - 0x00007ffa50a9b000 	C:\WINDOWS\System32\bcryptPrimitives.dll
0x00007ffa48eb0000 - 0x00007ffa48ebe000 	C:\Users\niecn\.jdks\corretto-17.0.9\bin\instrument.dll
0x00007ffa256f0000 - 0x00007ffa25715000 	C:\Users\niecn\.jdks\corretto-17.0.9\bin\java.dll
0x00007ff9fff20000 - 0x00007ff9ffff7000 	C:\Users\niecn\.jdks\corretto-17.0.9\bin\jsvml.dll
0x00007ffa52710000 - 0x00007ffa52f79000 	C:\WINDOWS\System32\SHELL32.dll
0x00007ffa4e200000 - 0x00007ffa4eaff000 	C:\WINDOWS\SYSTEM32\windows.storage.dll
0x00007ffa4e0c0000 - 0x00007ffa4e1ff000 	C:\WINDOWS\SYSTEM32\wintypes.dll
0x00007ffa51340000 - 0x00007ffa51439000 	C:\WINDOWS\System32\SHCORE.dll
0x00007ffa52690000 - 0x00007ffa526ee000 	C:\WINDOWS\System32\shlwapi.dll
0x00007ffa50210000 - 0x00007ffa50237000 	C:\WINDOWS\SYSTEM32\profapi.dll
0x00007ff9ffee0000 - 0x00007ff9ffef8000 	C:\Users\niecn\.jdks\corretto-17.0.9\bin\zip.dll
0x00007ffa256a0000 - 0x00007ffa256b9000 	C:\Users\niecn\.jdks\corretto-17.0.9\bin\net.dll
0x00007ffa495d0000 - 0x00007ffa49706000 	C:\WINDOWS\SYSTEM32\WINHTTP.dll
0x00007ffa4f760000 - 0x00007ffa4f7c9000 	C:\WINDOWS\system32\mswsock.dll
0x00007ff9fff00000 - 0x00007ff9fff16000 	C:\Users\niecn\.jdks\corretto-17.0.9\bin\nio.dll
0x00007ffa420b0000 - 0x00007ffa420ca000 	D:\Programming\IntelliJ IDEA Community Edition 2023.2\bin\breakgen64.dll
0x00007ffa4ed60000 - 0x00007ffa4ed8d000 	C:\WINDOWS\SYSTEM32\IPHLPAPI.DLL
0x00007ffa51520000 - 0x00007ffa51529000 	C:\WINDOWS\System32\NSI.dll
0x00007ffa493c0000 - 0x00007ffa493d9000 	C:\WINDOWS\SYSTEM32\dhcpcsvc6.DLL
0x00007ffa491b0000 - 0x00007ffa491cf000 	C:\WINDOWS\SYSTEM32\dhcpcsvc.DLL
0x00007ffa4edd0000 - 0x00007ffa4eed2000 	C:\WINDOWS\SYSTEM32\DNSAPI.dll
0x00007ffa45e70000 - 0x00007ffa45e7a000 	C:\Windows\System32\rasadhlp.dll
0x00007ffa466d0000 - 0x00007ffa46753000 	C:\WINDOWS\System32\fwpuclnt.dll
0x00007ffa483b0000 - 0x00007ffa483be000 	C:\Users\niecn\.jdks\corretto-17.0.9\bin\sunmscapi.dll
0x00007ffa508b0000 - 0x00007ffa50a16000 	C:\WINDOWS\System32\CRYPT32.dll
0x00007ffa4fbb0000 - 0x00007ffa4fbdd000 	C:\WINDOWS\SYSTEM32\ncrypt.dll
0x00007ffa4fb70000 - 0x00007ffa4fba7000 	C:\WINDOWS\SYSTEM32\NTASN1.dll
0x00007ffa4f980000 - 0x00007ffa4f99b000 	C:\WINDOWS\SYSTEM32\CRYPTSP.dll
0x00007ffa4f250000 - 0x00007ffa4f285000 	C:\WINDOWS\system32\rsaenh.dll
0x00007ffa4f820000 - 0x00007ffa4f848000 	C:\WINDOWS\SYSTEM32\USERENV.dll
0x00007ffa4f9a0000 - 0x00007ffa4f9ac000 	C:\WINDOWS\SYSTEM32\CRYPTBASE.dll
0x00007ffa48ea0000 - 0x00007ffa48ea9000 	C:\Users\niecn\.jdks\corretto-17.0.9\bin\management.dll
0x00007ffa48e90000 - 0x00007ffa48e9b000 	C:\Users\niecn\.jdks\corretto-17.0.9\bin\management_ext.dll
0x00007ffa50d00000 - 0x00007ffa50d08000 	C:\WINDOWS\System32\PSAPI.DLL
0x00007ffa21330000 - 0x00007ffa21347000 	C:\WINDOWS\system32\napinsp.dll
0x00007ffa21310000 - 0x00007ffa2132b000 	C:\WINDOWS\system32\pnrpnsp.dll
0x00007ffa22070000 - 0x00007ffa22081000 	C:\WINDOWS\System32\winrnr.dll
0x00007ffa45430000 - 0x00007ffa45445000 	C:\WINDOWS\system32\wshbth.dll
0x00007ffa22040000 - 0x00007ffa22067000 	C:\WINDOWS\system32\nlansp_c.dll
0x00007ffa18060000 - 0x00007ffa18070000 	C:\Users\niecn\.jdks\corretto-17.0.9\bin\verify.dll
0x00007ffa0adc0000 - 0x00007ffa0adc8000 	C:\WINDOWS\system32\wshunix.dll

dbghelp: loaded successfully - version: 4.0.5 - missing functions: none
symbol engine: initialized successfully - sym options: 0x614 - pdb path: .;C:\Users\niecn\.jdks\corretto-17.0.9\bin;C:\WINDOWS\SYSTEM32;C:\WINDOWS\WinSxS\amd64_microsoft.windows.common-controls_6595b64144ccf1df_6.0.22621.3672_none_2713b9d173822955;C:\Users\niecn\.jdks\corretto-17.0.9\bin\server;D:\Programming\IntelliJ IDEA Community Edition 2023.2\bin

VM Arguments:
jvm_args: -javaagent:D:\Programming\IntelliJ IDEA Community Edition 2023.2\lib\idea_rt.jar=55271:D:\Programming\IntelliJ IDEA Community Edition 2023.2\bin -Dfile.encoding=UTF-8 
java_command: learning.trainingPlan.TrainingPlanApplication
java_class_path (initial): D:\Programming\Learning\java\training-plan\target\classes;C:\Users\niecn\.m2\repository\org\springframework\boot\spring-boot-starter-data-jpa\3.2.4\spring-boot-starter-data-jpa-3.2.4.jar;C:\Users\niecn\.m2\repository\org\springframework\boot\spring-boot-starter-aop\3.2.4\spring-boot-starter-aop-3.2.4.jar;C:\Users\niecn\.m2\repository\org\aspectj\aspectjweaver\1.9.21\aspectjweaver-1.9.21.jar;C:\Users\niecn\.m2\repository\org\springframework\boot\spring-boot-starter-jdbc\3.2.4\spring-boot-starter-jdbc-3.2.4.jar;C:\Users\niecn\.m2\repository\com\zaxxer\HikariCP\5.0.1\HikariCP-5.0.1.jar;C:\Users\niecn\.m2\repository\org\springframework\spring-jdbc\6.1.5\spring-jdbc-6.1.5.jar;C:\Users\niecn\.m2\repository\org\hibernate\orm\hibernate-core\6.4.4.Final\hibernate-core-6.4.4.Final.jar;C:\Users\niecn\.m2\repository\jakarta\persistence\jakarta.persistence-api\3.1.0\jakarta.persistence-api-3.1.0.jar;C:\Users\niecn\.m2\repository\jakarta\transaction\jakarta.transaction-api\2.0.1\jakarta.transaction-api-2.0.1.jar;C:\Users\niecn\.m2\repository\org\jboss\logging\jboss-logging\3.5.3.Final\jboss-logging-3.5.3.Final.jar;C:\Users\niecn\.m2\repository\org\hibernate\common\hibernate-commons-annotations\6.0.6.Final\hibernate-commons-annotations-6.0.6.Final.jar;C:\Users\niecn\.m2\repository\io\smallrye\jandex\3.1.2\jandex-3.1.2.jar;C:\Users\niecn\.m2\repository\com\fasterxml\classmate\1.6.0\classmate-1.6.0.jar;C:\Users\niecn\.m2\repository\net\bytebuddy\byte-buddy\1.14.12\byte-buddy-1.14.12.jar;C:\Users\niecn\.m2\repository\org\glassfish\jaxb\jaxb-runtime\4.0.5\jaxb-runtime-4.0.5.jar;C:\Users\niecn\.m2\repository\org\glassfish\jaxb\jaxb-core\4.0.5\jaxb-core-4.0.5.jar;C:\Users\niecn\.m2\repository\org\eclipse\angus\angus-activation\2.0.2\angus-activation-2.0.2.jar;C:\Users\niecn\.m2\repository\org\glassfish\jaxb\txw2\4.0.5\txw2-4.0.5.jar;C:\Users\niecn\.m2\repository\com\sun\istack\istack-commons-runtime\4.1.2\istack-commons-runtime-4.1.2.jar;C:\Users\niecn\.m2\r
Launcher Type: SUN_STANDARD

[Global flags]
     intx CICompilerCount                          = 12                                        {product} {ergonomic}
     uint ConcGCThreads                            = 4                                         {product} {ergonomic}
     uint G1ConcRefinementThreads                  = 15                                        {product} {ergonomic}
   size_t G1HeapRegionSize                         = 2097152                                   {product} {ergonomic}
    uintx GCDrainStackTargetSize                   = 64                                        {product} {ergonomic}
   size_t InitialHeapSize                          = 264241152                                 {product} {ergonomic}
   size_t MarkStackSize                            = 4194304                                   {product} {ergonomic}
   size_t MaxHeapSize                              = 4223664128                                {product} {ergonomic}
   size_t MaxNewSize                               = 2533359616                                {product} {ergonomic}
   size_t MinHeapDeltaBytes                        = 2097152                                   {product} {ergonomic}
   size_t MinHeapSize                              = 8388608                                   {product} {ergonomic}
    uintx NonNMethodCodeHeapSize                   = 7602480                                {pd product} {ergonomic}
    uintx NonProfiledCodeHeapSize                  = 122027880                              {pd product} {ergonomic}
    uintx ProfiledCodeHeapSize                     = 122027880                              {pd product} {ergonomic}
    uintx ReservedCodeCacheSize                    = 251658240                              {pd product} {ergonomic}
     bool SegmentedCodeCache                       = true                                      {product} {ergonomic}
   size_t SoftMaxHeapSize                          = 4223664128                             {manageable} {ergonomic}
     bool UseCompressedClassPointers               = true                           {product lp64_product} {ergonomic}
     bool UseCompressedOops                        = true                           {product lp64_product} {ergonomic}
     bool UseG1GC                                  = true                                      {product} {ergonomic}
     bool UseLargePagesIndividualAllocation        = false                                  {pd product} {ergonomic}

Logging:
Log output configuration:
 #0: stdout all=warning uptime,level,tags
 #1: stderr all=off uptime,level,tags

Environment Variables:
PATH=C:\Windows\System32\HWAudioDriverLibs;C:\Windows\system32;C:\Windows;C:\Windows\System32\Wbem;C:\Windows\System32\WindowsPowerShell\v1.0\;C:\Windows\System32\OpenSSH\;C:\Users\Administrator\AppData\Local\Microsoft\WindowsApps;C:\WINDOWS\system32;C:\WINDOWS;C:\WINDOWS\System32\Wbem;C:\WINDOWS\System32\WindowsPowerShell\v1.0\;C:\WINDOWS\System32\OpenSSH\;C:\WINDOWS\system32\config\systemprofile\AppData\Local\Microsoft\WindowsApps;C:\windows\system32\HWAudioDriver\;C:\Program Files\nodejs\;C:\Program Files\Docker\Docker\resources\bin;C:\Users\niecn\AppData\Local\Microsoft\WindowsApps;;D:\Programming\PyCharm Community Edition 2023.2\bin;;C:\Users\niecn\AppData\Local\Programs\Microsoft VS Code\bin;C:\Program Files\JetBrains\WebStorm 2024.2.4\bin;;C:\Users\niecn\AppData\Roaming\npm
USERNAME=niecn
OS=Windows_NT
PROCESSOR_IDENTIFIER=Intel64 Family 6 Model 154 Stepping 3, GenuineIntel
TMP=C:\Users\niecn\AppData\Local\Temp
TEMP=C:\Users\niecn\AppData\Local\Temp



Periodic native trim disabled


---------------  S Y S T E M  ---------------

OS:
 Windows 11 , 64 bit Build 22621 (10.0.22621.3958)
OS uptime: 2 days 14:29 hours
Hyper-V role detected

CPU: total 20 (initial active 20) (10 cores per cpu, 2 threads per core) family 6 model 154 stepping 3 microcode 0x41e, cx8, cmov, fxsr, ht, mmx, 3dnowpref, sse, sse2, sse3, ssse3, sse4.1, sse4.2, popcnt, lzcnt, tsc, tscinvbit, avx, avx2, aes, erms, clmul, bmi1, bmi2, adx, sha, fma, vzeroupper, clflush, clflushopt, clwb, hv
Processor Information for processor 0
  Max Mhz: 2300, Current Mhz: 2300, Mhz Limit: 2300
Processor Information for processor 1
  Max Mhz: 2300, Current Mhz: 1506, Mhz Limit: 2300
Processor Information for processor 2
  Max Mhz: 2300, Current Mhz: 2300, Mhz Limit: 2300
Processor Information for processor 3
  Max Mhz: 2300, Current Mhz: 1506, Mhz Limit: 2300
Processor Information for processor 4
  Max Mhz: 2300, Current Mhz: 2300, Mhz Limit: 2300
Processor Information for processor 5
  Max Mhz: 2300, Current Mhz: 1506, Mhz Limit: 2300
Processor Information for processor 6
  Max Mhz: 2300, Current Mhz: 2300, Mhz Limit: 2300
Processor Information for processor 7
  Max Mhz: 2300, Current Mhz: 1506, Mhz Limit: 2300
Processor Information for processor 8
  Max Mhz: 2300, Current Mhz: 2300, Mhz Limit: 2300
Processor Information for processor 9
  Max Mhz: 2300, Current Mhz: 2300, Mhz Limit: 2300
Processor Information for processor 10
  Max Mhz: 2300, Current Mhz: 2300, Mhz Limit: 2300
Processor Information for processor 11
  Max Mhz: 2300, Current Mhz: 2300, Mhz Limit: 2300
Processor Information for processor 12
  Max Mhz: 2300, Current Mhz: 1700, Mhz Limit: 1679
Processor Information for processor 13
  Max Mhz: 2300, Current Mhz: 1700, Mhz Limit: 1679
Processor Information for processor 14
  Max Mhz: 2300, Current Mhz: 1700, Mhz Limit: 1679
Processor Information for processor 15
  Max Mhz: 2300, Current Mhz: 1700, Mhz Limit: 1679
Processor Information for processor 16
  Max Mhz: 2300, Current Mhz: 1700, Mhz Limit: 1679
Processor Information for processor 17
  Max Mhz: 2300, Current Mhz: 1700, Mhz Limit: 1679
Processor Information for processor 18
  Max Mhz: 2300, Current Mhz: 1700, Mhz Limit: 1679
Processor Information for processor 19
  Max Mhz: 2300, Current Mhz: 1700, Mhz Limit: 1679

Memory: 4k page, system-wide physical 16110M (1098M free)
TotalPageFile size 31470M (AvailPageFile size 4M)
current process WorkingSet (physical memory assigned to process): 33M, peak: 428M
current process commit charge ("private bytes"): 391M, peak: 484M

vm_info: OpenJDK 64-Bit Server VM (17.0.9+8-LTS) for windows-amd64 JRE (17.0.9+8-LTS), built on Oct 12 2023 16:15:33 by "Administrator" with MS VC++ 16.10 / 16.11 (VS2019)

END.
